{"C:\\Users\\user\\Desktop\\namaste-react\\day13\\config.js": {"path":"C:\\Users\\user\\Desktop\\namaste-react\\day13\\config.js","statementMap":{"0":{"start":{"line":1,"column":30},"end":{"line":1300,"column":1}},"1":{"start":{"line":1302,"column":33},"end":{"line":1302,"column":124}},"2":{"start":{"line":1304,"column":26},"end":{"line":1304,"column":135}},"3":{"start":{"line":1306,"column":26},"end":{"line":1306,"column":149}}},"fnMap":{},"branchMap":{},"s":{"0":2,"1":2,"2":2,"3":2},"f":{},"b":{},"_coverageSchema":"1a1c01bbd47fc00a2c39e90264f33305004495a9","hash":"6ab4e5db0dd849ac05395882112acb56b0041137"}
,"C:\\Users\\user\\Desktop\\namaste-react\\day13\\src\\components\\AboutUs.js": {"path":"C:\\Users\\user\\Desktop\\namaste-react\\day13\\src\\components\\AboutUs.js","statementMap":{"0":{"start":{"line":10,"column":8},"end":{"line":10,"column":21}},"1":{"start":{"line":11,"column":8},"end":{"line":11,"column":42}},"2":{"start":{"line":15,"column":8},"end":{"line":15,"column":48}},"3":{"start":{"line":19,"column":8},"end":{"line":19,"column":37}},"4":{"start":{"line":20,"column":12},"end":{"line":31,"column":10}},"5":{"start":{"line":24,"column":27},"end":{"line":24,"column":120}}},"fnMap":{"0":{"name":"(anonymous_0)","decl":{"start":{"line":9,"column":4},"end":{"line":9,"column":5}},"loc":{"start":{"line":9,"column":22},"end":{"line":12,"column":5}},"line":9},"1":{"name":"(anonymous_1)","decl":{"start":{"line":14,"column":4},"end":{"line":14,"column":5}},"loc":{"start":{"line":14,"column":23},"end":{"line":16,"column":5}},"line":14},"2":{"name":"(anonymous_2)","decl":{"start":{"line":18,"column":4},"end":{"line":18,"column":5}},"loc":{"start":{"line":18,"column":12},"end":{"line":32,"column":5}},"line":18},"3":{"name":"(anonymous_3)","decl":{"start":{"line":24,"column":17},"end":{"line":24,"column":18}},"loc":{"start":{"line":24,"column":27},"end":{"line":24,"column":120}},"line":24}},"branchMap":{},"s":{"0":0,"1":0,"2":0,"3":0,"4":0,"5":0},"f":{"0":0,"1":0,"2":0,"3":0},"b":{},"_coverageSchema":"1a1c01bbd47fc00a2c39e90264f33305004495a9","hash":"d5a5b7b21df6050e5d0443d668f82c8b5c69b838"}
,"C:\\Users\\user\\Desktop\\namaste-react\\day13\\src\\components\\Body.js": {"path":"C:\\Users\\user\\Desktop\\namaste-react\\day13\\src\\components\\Body.js","statementMap":{"0":{"start":{"line":13,"column":13},"end":{"line":74,"column":1}},"1":{"start":{"line":18,"column":39},"end":{"line":18,"column":51}},"2":{"start":{"line":20,"column":47},"end":{"line":20,"column":59}},"3":{"start":{"line":22,"column":20},"end":{"line":22,"column":31}},"4":{"start":{"line":26,"column":4},"end":{"line":29,"column":10}},"5":{"start":{"line":27,"column":8},"end":{"line":27,"column":25}},"6":{"start":{"line":28,"column":8},"end":{"line":28,"column":40}},"7":{"start":{"line":33,"column":25},"end":{"line":33,"column":48}},"8":{"start":{"line":34,"column":25},"end":{"line":34,"column":46}},"9":{"start":{"line":35,"column":9},"end":{"line":35,"column":67}},"10":{"start":{"line":36,"column":9},"end":{"line":36,"column":64}},"11":{"start":{"line":39,"column":4},"end":{"line":46,"column":5}},"12":{"start":{"line":40,"column":8},"end":{"line":45,"column":10}},"13":{"start":{"line":47,"column":4},"end":{"line":54,"column":5}},"14":{"start":{"line":48,"column":8},"end":{"line":53,"column":13}},"15":{"start":{"line":56,"column":4},"end":{"line":73,"column":6}},"16":{"start":{"line":67,"column":17},"end":{"line":67,"column":106}}},"fnMap":{"0":{"name":"(anonymous_0)","decl":{"start":{"line":13,"column":13},"end":{"line":13,"column":14}},"loc":{"start":{"line":13,"column":18},"end":{"line":74,"column":1}},"line":13},"1":{"name":"(anonymous_1)","decl":{"start":{"line":26,"column":14},"end":{"line":26,"column":15}},"loc":{"start":{"line":26,"column":18},"end":{"line":29,"column":5}},"line":26},"2":{"name":"getRestaurants","decl":{"start":{"line":32,"column":19},"end":{"line":32,"column":33}},"loc":{"start":{"line":32,"column":35},"end":{"line":37,"column":5}},"line":32},"3":{"name":"(anonymous_3)","decl":{"start":{"line":65,"column":28},"end":{"line":65,"column":29}},"loc":{"start":{"line":66,"column":13},"end":{"line":68,"column":15}},"line":66}},"branchMap":{"0":{"loc":{"start":{"line":39,"column":4},"end":{"line":46,"column":5}},"type":"if","locations":[{"start":{"line":39,"column":4},"end":{"line":46,"column":5}},{"start":{},"end":{}}],"line":39},"1":{"loc":{"start":{"line":47,"column":4},"end":{"line":54,"column":5}},"type":"if","locations":[{"start":{"line":47,"column":4},"end":{"line":54,"column":5}},{"start":{},"end":{}}],"line":47},"2":{"loc":{"start":{"line":47,"column":7},"end":{"line":47,"column":56}},"type":"binary-expr","locations":[{"start":{"line":47,"column":7},"end":{"line":47,"column":28}},{"start":{"line":47,"column":32},"end":{"line":47,"column":56}}],"line":47},"3":{"loc":{"start":{"line":56,"column":11},"end":{"line":73,"column":5}},"type":"cond-expr","locations":[{"start":{"line":56,"column":39},"end":{"line":56,"column":62}},{"start":{"line":58,"column":8},"end":{"line":71,"column":25}}],"line":56}},"s":{"0":2,"1":5,"2":5,"3":5,"4":5,"5":2,"6":2,"7":2,"8":2,"9":2,"10":2,"11":5,"12":0,"13":5,"14":0,"15":5,"16":31},"f":{"0":5,"1":2,"2":2,"3":31},"b":{"0":[0,5],"1":[0,5],"2":[5,2],"3":[2,3]},"_coverageSchema":"1a1c01bbd47fc00a2c39e90264f33305004495a9","hash":"142d757b3e2ce17f15ca4a0951eec03d400587df"}
,"C:\\Users\\user\\Desktop\\namaste-react\\day13\\src\\components\\Header.js": {"path":"C:\\Users\\user\\Desktop\\namaste-react\\day13\\src\\components\\Header.js","statementMap":{"0":{"start":{"line":12,"column":15},"end":{"line":84,"column":1}},"1":{"start":{"line":14,"column":40},"end":{"line":14,"column":55}},"2":{"start":{"line":15,"column":21},"end":{"line":15,"column":32}},"3":{"start":{"line":16,"column":37},"end":{"line":16,"column":52}},"4":{"start":{"line":18,"column":19},"end":{"line":18,"column":42}},"5":{"start":{"line":20,"column":18},"end":{"line":20,"column":50}},"6":{"start":{"line":20,"column":39},"end":{"line":20,"column":49}},"7":{"start":{"line":24,"column":9},"end":{"line":24,"column":37}},"8":{"start":{"line":27,"column":4},"end":{"line":83,"column":6}},"9":{"start":{"line":62,"column":132},"end":{"line":62,"column":156}},"10":{"start":{"line":68,"column":159},"end":{"line":68,"column":183}}},"fnMap":{"0":{"name":"(anonymous_0)","decl":{"start":{"line":12,"column":15},"end":{"line":12,"column":16}},"loc":{"start":{"line":12,"column":20},"end":{"line":84,"column":1}},"line":12},"1":{"name":"(anonymous_1)","decl":{"start":{"line":20,"column":30},"end":{"line":20,"column":31}},"loc":{"start":{"line":20,"column":39},"end":{"line":20,"column":49}},"line":20},"2":{"name":"logInHandler","decl":{"start":{"line":22,"column":13},"end":{"line":22,"column":25}},"loc":{"start":{"line":22,"column":27},"end":{"line":25,"column":5}},"line":22},"3":{"name":"(anonymous_3)","decl":{"start":{"line":62,"column":128},"end":{"line":62,"column":129}},"loc":{"start":{"line":62,"column":132},"end":{"line":62,"column":156}},"line":62},"4":{"name":"(anonymous_4)","decl":{"start":{"line":68,"column":155},"end":{"line":68,"column":156}},"loc":{"start":{"line":68,"column":159},"end":{"line":68,"column":183}},"line":68}},"branchMap":{"0":{"loc":{"start":{"line":39,"column":12},"end":{"line":39,"column":111}},"type":"binary-expr","locations":[{"start":{"line":39,"column":12},"end":{"line":39,"column":20}},{"start":{"line":39,"column":24},"end":{"line":39,"column":111}}],"line":39},"1":{"loc":{"start":{"line":40,"column":12},"end":{"line":40,"column":81}},"type":"binary-expr","locations":[{"start":{"line":40,"column":12},"end":{"line":40,"column":21}},{"start":{"line":40,"column":25},"end":{"line":40,"column":81}}],"line":40},"2":{"loc":{"start":{"line":44,"column":12},"end":{"line":44,"column":180}},"type":"binary-expr","locations":[{"start":{"line":44,"column":12},"end":{"line":44,"column":23}},{"start":{"line":44,"column":27},"end":{"line":44,"column":180}}],"line":44},"3":{"loc":{"start":{"line":45,"column":13},"end":{"line":45,"column":248}},"type":"binary-expr","locations":[{"start":{"line":45,"column":13},"end":{"line":45,"column":23}},{"start":{"line":45,"column":27},"end":{"line":45,"column":248}}],"line":45},"4":{"loc":{"start":{"line":55,"column":21},"end":{"line":55,"column":122}},"type":"binary-expr","locations":[{"start":{"line":55,"column":21},"end":{"line":55,"column":29}},{"start":{"line":55,"column":33},"end":{"line":55,"column":122}}],"line":55},"5":{"loc":{"start":{"line":56,"column":21},"end":{"line":56,"column":90}},"type":"binary-expr","locations":[{"start":{"line":56,"column":21},"end":{"line":56,"column":30}},{"start":{"line":56,"column":34},"end":{"line":56,"column":90}}],"line":56},"6":{"loc":{"start":{"line":58,"column":21},"end":{"line":58,"column":177}},"type":"binary-expr","locations":[{"start":{"line":58,"column":21},"end":{"line":58,"column":32}},{"start":{"line":58,"column":36},"end":{"line":58,"column":177}}],"line":58},"7":{"loc":{"start":{"line":60,"column":21},"end":{"line":60,"column":268}},"type":"binary-expr","locations":[{"start":{"line":60,"column":21},"end":{"line":60,"column":31}},{"start":{"line":60,"column":35},"end":{"line":60,"column":268}}],"line":60},"8":{"loc":{"start":{"line":68,"column":15},"end":{"line":70,"column":17}},"type":"binary-expr","locations":[{"start":{"line":68,"column":15},"end":{"line":68,"column":24}},{"start":{"line":68,"column":29},"end":{"line":70,"column":17}}],"line":68}},"s":{"0":2,"1":8,"2":8,"3":8,"4":8,"5":8,"6":11,"7":0,"8":8,"9":0,"10":0},"f":{"0":8,"1":11,"2":0,"3":0,"4":0},"b":{"0":[8,8],"1":[8,0],"2":[8,8],"3":[8,0],"4":[8,8],"5":[8,0],"6":[8,8],"7":[8,0],"8":[8,0]},"_coverageSchema":"1a1c01bbd47fc00a2c39e90264f33305004495a9","hash":"185d5d86d53672ef119d5ff6fffd909475ff88c5"}
,"C:\\Users\\user\\Desktop\\namaste-react\\day13\\src\\components\\NavLinks.js": {"path":"C:\\Users\\user\\Desktop\\namaste-react\\day13\\src\\components\\NavLinks.js","statementMap":{"0":{"start":{"line":5,"column":17},"end":{"line":19,"column":1}},"1":{"start":{"line":7,"column":18},"end":{"line":7,"column":50}},"2":{"start":{"line":7,"column":39},"end":{"line":7,"column":49}},"3":{"start":{"line":9,"column":4},"end":{"line":18,"column":6}}},"fnMap":{"0":{"name":"(anonymous_0)","decl":{"start":{"line":5,"column":17},"end":{"line":5,"column":18}},"loc":{"start":{"line":5,"column":22},"end":{"line":19,"column":1}},"line":5},"1":{"name":"(anonymous_1)","decl":{"start":{"line":7,"column":30},"end":{"line":7,"column":31}},"loc":{"start":{"line":7,"column":39},"end":{"line":7,"column":49}},"line":7}},"branchMap":{},"s":{"0":2,"1":8,"2":11,"3":8},"f":{"0":8,"1":11},"b":{},"_coverageSchema":"1a1c01bbd47fc00a2c39e90264f33305004495a9","hash":"8d35acac76f7e6be92377694e03f90064f62f960"}
,"C:\\Users\\user\\Desktop\\namaste-react\\day13\\src\\components\\Profile.js": {"path":"C:\\Users\\user\\Desktop\\namaste-react\\day13\\src\\components\\Profile.js","statementMap":{"0":{"start":{"line":6,"column":9},"end":{"line":6,"column":22}},"1":{"start":{"line":7,"column":9},"end":{"line":7,"column":60}},"2":{"start":{"line":8,"column":9},"end":{"line":13,"column":10}},"3":{"start":{"line":17,"column":8},"end":{"line":17,"column":65}},"4":{"start":{"line":19,"column":24},"end":{"line":19,"column":90}},"5":{"start":{"line":20,"column":21},"end":{"line":20,"column":41}},"6":{"start":{"line":21,"column":8},"end":{"line":21,"column":26}},"7":{"start":{"line":22,"column":8},"end":{"line":25,"column":10}},"8":{"start":{"line":32,"column":8},"end":{"line":32,"column":66}},"9":{"start":{"line":36,"column":8},"end":{"line":36,"column":69}},"10":{"start":{"line":43,"column":8},"end":{"line":43,"column":54}},"11":{"start":{"line":44,"column":8},"end":{"line":58,"column":10}},"12":{"start":{"line":51,"column":20},"end":{"line":54,"column":21}}},"fnMap":{"0":{"name":"(anonymous_0)","decl":{"start":{"line":5,"column":4},"end":{"line":5,"column":5}},"loc":{"start":{"line":5,"column":22},"end":{"line":14,"column":5}},"line":5},"1":{"name":"(anonymous_1)","decl":{"start":{"line":16,"column":4},"end":{"line":16,"column":5}},"loc":{"start":{"line":16,"column":29},"end":{"line":30,"column":5}},"line":16},"2":{"name":"(anonymous_2)","decl":{"start":{"line":31,"column":4},"end":{"line":31,"column":5}},"loc":{"start":{"line":31,"column":24},"end":{"line":33,"column":5}},"line":31},"3":{"name":"(anonymous_3)","decl":{"start":{"line":35,"column":4},"end":{"line":35,"column":5}},"loc":{"start":{"line":35,"column":26},"end":{"line":40,"column":5}},"line":35},"4":{"name":"(anonymous_4)","decl":{"start":{"line":42,"column":4},"end":{"line":42,"column":5}},"loc":{"start":{"line":42,"column":12},"end":{"line":59,"column":5}},"line":42},"5":{"name":"(anonymous_5)","decl":{"start":{"line":50,"column":33},"end":{"line":50,"column":34}},"loc":{"start":{"line":50,"column":37},"end":{"line":55,"column":17}},"line":50}},"branchMap":{},"s":{"0":0,"1":0,"2":0,"3":0,"4":0,"5":0,"6":0,"7":0,"8":0,"9":0,"10":0,"11":0,"12":0},"f":{"0":0,"1":0,"2":0,"3":0,"4":0,"5":0},"b":{},"_coverageSchema":"1a1c01bbd47fc00a2c39e90264f33305004495a9","hash":"6510df52cfe3fa42be6343ba5494e5e785a81162"}
,"C:\\Users\\user\\Desktop\\namaste-react\\day13\\src\\components\\ProfileSecond.js": {"path":"C:\\Users\\user\\Desktop\\namaste-react\\day13\\src\\components\\ProfileSecond.js","statementMap":{"0":{"start":{"line":2,"column":22},"end":{"line":14,"column":1}},"1":{"start":{"line":4,"column":29},"end":{"line":4,"column":40}},"2":{"start":{"line":5,"column":4},"end":{"line":13,"column":6}},"3":{"start":{"line":11,"column":27},"end":{"line":11,"column":44}}},"fnMap":{"0":{"name":"(anonymous_0)","decl":{"start":{"line":2,"column":22},"end":{"line":2,"column":23}},"loc":{"start":{"line":2,"column":32},"end":{"line":14,"column":1}},"line":2},"1":{"name":"(anonymous_1)","decl":{"start":{"line":11,"column":23},"end":{"line":11,"column":24}},"loc":{"start":{"line":11,"column":27},"end":{"line":11,"column":44}},"line":11}},"branchMap":{},"s":{"0":2,"1":0,"2":0,"3":0},"f":{"0":0,"1":0},"b":{},"_coverageSchema":"1a1c01bbd47fc00a2c39e90264f33305004495a9","hash":"b4fd5b6196aad463e73d6861fb28ad0c05ab7e2f"}
,"C:\\Users\\user\\Desktop\\namaste-react\\day13\\src\\components\\RestaurantCard.js": {"path":"C:\\Users\\user\\Desktop\\namaste-react\\day13\\src\\components\\RestaurantCard.js","statementMap":{"0":{"start":{"line":3,"column":23},"end":{"line":22,"column":1}},"1":{"start":{"line":5,"column":4},"end":{"line":21,"column":5}}},"fnMap":{"0":{"name":"(anonymous_0)","decl":{"start":{"line":3,"column":23},"end":{"line":3,"column":24}},"loc":{"start":{"line":3,"column":96},"end":{"line":22,"column":1}},"line":3}},"branchMap":{},"s":{"0":2,"1":31},"f":{"0":31},"b":{},"_coverageSchema":"1a1c01bbd47fc00a2c39e90264f33305004495a9","hash":"063612774f89e46f55556c6dac1bd91e2a43f6e0"}
,"C:\\Users\\user\\Desktop\\namaste-react\\day13\\src\\components\\RestaurentMenu.js": {"path":"C:\\Users\\user\\Desktop\\namaste-react\\day13\\src\\components\\RestaurentMenu.js","statementMap":{"0":{"start":{"line":10,"column":23},"end":{"line":79,"column":1}},"1":{"start":{"line":11,"column":18},"end":{"line":11,"column":29}},"2":{"start":{"line":12,"column":17},"end":{"line":12,"column":22}},"3":{"start":{"line":13,"column":19},"end":{"line":13,"column":36}},"4":{"start":{"line":14,"column":19},"end":{"line":14,"column":32}},"5":{"start":{"line":16,"column":24},"end":{"line":20,"column":5}},"6":{"start":{"line":17,"column":8},"end":{"line":17,"column":45}},"7":{"start":{"line":18,"column":8},"end":{"line":18,"column":33}},"8":{"start":{"line":22,"column":4},"end":{"line":78,"column":5}},"9":{"start":{"line":49,"column":16},"end":{"line":72,"column":18}},"10":{"start":{"line":54,"column":43},"end":{"line":54,"column":64}},"11":{"start":{"line":55,"column":32},"end":{"line":68,"column":34}},"12":{"start":{"line":65,"column":171},"end":{"line":65,"column":188}}},"fnMap":{"0":{"name":"(anonymous_0)","decl":{"start":{"line":10,"column":23},"end":{"line":10,"column":24}},"loc":{"start":{"line":10,"column":27},"end":{"line":79,"column":1}},"line":10},"1":{"name":"(anonymous_1)","decl":{"start":{"line":16,"column":24},"end":{"line":16,"column":25}},"loc":{"start":{"line":16,"column":34},"end":{"line":20,"column":5}},"line":16},"2":{"name":"(anonymous_2)","decl":{"start":{"line":48,"column":79},"end":{"line":48,"column":80}},"loc":{"start":{"line":48,"column":92},"end":{"line":73,"column":13}},"line":48},"3":{"name":"(anonymous_3)","decl":{"start":{"line":53,"column":66},"end":{"line":53,"column":67}},"loc":{"start":{"line":53,"column":79},"end":{"line":69,"column":29}},"line":53},"4":{"name":"(anonymous_4)","decl":{"start":{"line":65,"column":165},"end":{"line":65,"column":166}},"loc":{"start":{"line":65,"column":171},"end":{"line":65,"column":188}},"line":65}},"branchMap":{"0":{"loc":{"start":{"line":22,"column":11},"end":{"line":78,"column":5}},"type":"cond-expr","locations":[{"start":{"line":22,"column":22},"end":{"line":22,"column":45}},{"start":{"line":27,"column":8},"end":{"line":77,"column":11}}],"line":22},"1":{"loc":{"start":{"line":60,"column":106},"end":{"line":60,"column":147}},"type":"binary-expr","locations":[{"start":{"line":60,"column":106},"end":{"line":60,"column":121}},{"start":{"line":60,"column":125},"end":{"line":60,"column":147}}],"line":60},"2":{"loc":{"start":{"line":64,"column":40},"end":{"line":64,"column":190}},"type":"binary-expr","locations":[{"start":{"line":64,"column":40},"end":{"line":64,"column":70}},{"start":{"line":64,"column":75},"end":{"line":64,"column":190}}],"line":64}},"s":{"0":1,"1":2,"2":2,"3":2,"4":2,"5":2,"6":3,"7":3,"8":2,"9":16,"10":85,"11":85,"12":3},"f":{"0":2,"1":3,"2":16,"3":85,"4":3},"b":{"0":[1,1],"1":[85,6],"2":[85,55]},"_coverageSchema":"1a1c01bbd47fc00a2c39e90264f33305004495a9","hash":"81576f1e54b319874e12dbe6667807a462c63b7c"}
,"C:\\Users\\user\\Desktop\\namaste-react\\day13\\src\\components\\RestaurentMenuCard.js": {"path":"C:\\Users\\user\\Desktop\\namaste-react\\day13\\src\\components\\RestaurentMenuCard.js","statementMap":{"0":{"start":{"line":6,"column":27},"end":{"line":74,"column":1}},"1":{"start":{"line":8,"column":19},"end":{"line":8,"column":32}},"2":{"start":{"line":10,"column":24},"end":{"line":14,"column":5}},"3":{"start":{"line":11,"column":8},"end":{"line":11,"column":45}},"4":{"start":{"line":12,"column":8},"end":{"line":12,"column":33}},"5":{"start":{"line":19,"column":4},"end":{"line":73,"column":6}},"6":{"start":{"line":43,"column":16},"end":{"line":66,"column":18}},"7":{"start":{"line":48,"column":43},"end":{"line":48,"column":64}},"8":{"start":{"line":49,"column":32},"end":{"line":62,"column":34}},"9":{"start":{"line":59,"column":170},"end":{"line":59,"column":187}}},"fnMap":{"0":{"name":"(anonymous_0)","decl":{"start":{"line":6,"column":27},"end":{"line":6,"column":28}},"loc":{"start":{"line":6,"column":41},"end":{"line":74,"column":1}},"line":6},"1":{"name":"(anonymous_1)","decl":{"start":{"line":10,"column":24},"end":{"line":10,"column":25}},"loc":{"start":{"line":10,"column":34},"end":{"line":14,"column":5}},"line":10},"2":{"name":"(anonymous_2)","decl":{"start":{"line":42,"column":79},"end":{"line":42,"column":80}},"loc":{"start":{"line":42,"column":92},"end":{"line":67,"column":13}},"line":42},"3":{"name":"(anonymous_3)","decl":{"start":{"line":47,"column":66},"end":{"line":47,"column":67}},"loc":{"start":{"line":47,"column":79},"end":{"line":63,"column":29}},"line":47},"4":{"name":"(anonymous_4)","decl":{"start":{"line":59,"column":164},"end":{"line":59,"column":165}},"loc":{"start":{"line":59,"column":170},"end":{"line":59,"column":187}},"line":59}},"branchMap":{"0":{"loc":{"start":{"line":54,"column":106},"end":{"line":54,"column":147}},"type":"binary-expr","locations":[{"start":{"line":54,"column":106},"end":{"line":54,"column":121}},{"start":{"line":54,"column":125},"end":{"line":54,"column":147}}],"line":54},"1":{"loc":{"start":{"line":58,"column":40},"end":{"line":58,"column":190}},"type":"binary-expr","locations":[{"start":{"line":58,"column":40},"end":{"line":58,"column":70}},{"start":{"line":58,"column":75},"end":{"line":58,"column":190}}],"line":58}},"s":{"0":1,"1":0,"2":0,"3":0,"4":0,"5":0,"6":0,"7":0,"8":0,"9":0},"f":{"0":0,"1":0,"2":0,"3":0,"4":0},"b":{"0":[0,0],"1":[0,0]},"_coverageSchema":"1a1c01bbd47fc00a2c39e90264f33305004495a9","hash":"0f25c5f2192004bccb52ba205cc3c67b1d1e6ebd"}
,"C:\\Users\\user\\Desktop\\namaste-react\\day13\\src\\components\\SearchBar.js": {"path":"C:\\Users\\user\\Desktop\\namaste-react\\day13\\src\\components\\SearchBar.js","statementMap":{"0":{"start":{"line":3,"column":18},"end":{"line":25,"column":1}},"1":{"start":{"line":5,"column":41},"end":{"line":5,"column":53}},"2":{"start":{"line":7,"column":4},"end":{"line":24,"column":5}},"3":{"start":{"line":13,"column":13},"end":{"line":13,"column":44}},"4":{"start":{"line":17,"column":24},"end":{"line":17,"column":62}},"5":{"start":{"line":18,"column":12},"end":{"line":18,"column":34}}},"fnMap":{"0":{"name":"(anonymous_0)","decl":{"start":{"line":3,"column":18},"end":{"line":3,"column":19}},"loc":{"start":{"line":3,"column":72},"end":{"line":25,"column":1}},"line":3},"1":{"name":"(anonymous_1)","decl":{"start":{"line":12,"column":10},"end":{"line":12,"column":11}},"loc":{"start":{"line":12,"column":15},"end":{"line":14,"column":11}},"line":12},"2":{"name":"(anonymous_2)","decl":{"start":{"line":16,"column":108},"end":{"line":16,"column":109}},"loc":{"start":{"line":16,"column":112},"end":{"line":19,"column":9}},"line":16}},"branchMap":{},"s":{"0":2,"1":4,"2":4,"3":1,"4":1,"5":1},"f":{"0":4,"1":1,"2":1},"b":{},"_coverageSchema":"1a1c01bbd47fc00a2c39e90264f33305004495a9","hash":"a3fcb28482070288fe5cca08856303d10f22b9b0"}
,"C:\\Users\\user\\Desktop\\namaste-react\\day13\\src\\components\\ShimmerUI.js": {"path":"C:\\Users\\user\\Desktop\\namaste-react\\day13\\src\\components\\ShimmerUI.js","statementMap":{"0":{"start":{"line":3,"column":16},"end":{"line":12,"column":1}},"1":{"start":{"line":5,"column":4},"end":{"line":11,"column":15}},"2":{"start":{"line":9,"column":17},"end":{"line":9,"column":75}}},"fnMap":{"0":{"name":"(anonymous_0)","decl":{"start":{"line":3,"column":16},"end":{"line":3,"column":17}},"loc":{"start":{"line":3,"column":20},"end":{"line":12,"column":1}},"line":3},"1":{"name":"(anonymous_1)","decl":{"start":{"line":8,"column":49},"end":{"line":8,"column":50}},"loc":{"start":{"line":8,"column":54},"end":{"line":10,"column":16}},"line":8}},"branchMap":{},"s":{"0":3,"1":4,"2":80},"f":{"0":4,"1":80},"b":{},"_coverageSchema":"1a1c01bbd47fc00a2c39e90264f33305004495a9","hash":"c17da69e610561dafa951e9b632a4569b5f820fc"}
,"C:\\Users\\user\\Desktop\\namaste-react\\day13\\src\\components\\ShimmerUICard.js": {"path":"C:\\Users\\user\\Desktop\\namaste-react\\day13\\src\\components\\ShimmerUICard.js","statementMap":{"0":{"start":{"line":1,"column":22},"end":{"line":19,"column":1}},"1":{"start":{"line":3,"column":5},"end":{"line":18,"column":7}}},"fnMap":{"0":{"name":"(anonymous_0)","decl":{"start":{"line":1,"column":22},"end":{"line":1,"column":23}},"loc":{"start":{"line":1,"column":27},"end":{"line":19,"column":1}},"line":1}},"branchMap":{},"s":{"0":3,"1":80},"f":{"0":80},"b":{},"_coverageSchema":"1a1c01bbd47fc00a2c39e90264f33305004495a9","hash":"ae45d1943f225e223b868c47ecaf22c4d457b6b4"}
,"C:\\Users\\user\\Desktop\\namaste-react\\day13\\src\\components\\Sum.js": {"path":"C:\\Users\\user\\Desktop\\namaste-react\\day13\\src\\components\\Sum.js","statementMap":{"0":{"start":{"line":1,"column":19},"end":{"line":1,"column":29}},"1":{"start":{"line":1,"column":26},"end":{"line":1,"column":29}}},"fnMap":{"0":{"name":"(anonymous_0)","decl":{"start":{"line":1,"column":19},"end":{"line":1,"column":20}},"loc":{"start":{"line":1,"column":26},"end":{"line":1,"column":29}},"line":1}},"branchMap":{},"s":{"0":1,"1":1},"f":{"0":1},"b":{},"_coverageSchema":"1a1c01bbd47fc00a2c39e90264f33305004495a9","hash":"1fc2dfe7df947e86347160fcb1f892d4a8b2f45c"}
,"C:\\Users\\user\\Desktop\\namaste-react\\day13\\src\\components\\Title.js": {"path":"C:\\Users\\user\\Desktop\\namaste-react\\day13\\src\\components\\Title.js","statementMap":{"0":{"start":{"line":3,"column":14},"end":{"line":5,"column":1}},"1":{"start":{"line":4,"column":0},"end":{"line":4,"column":149}}},"fnMap":{"0":{"name":"(anonymous_0)","decl":{"start":{"line":3,"column":14},"end":{"line":3,"column":15}},"loc":{"start":{"line":3,"column":19},"end":{"line":5,"column":1}},"line":3}},"branchMap":{},"s":{"0":2,"1":16},"f":{"0":16},"b":{},"_coverageSchema":"1a1c01bbd47fc00a2c39e90264f33305004495a9","hash":"951b91b5b0ab68e89accaa37c60d597479312c9c"}
,"C:\\Users\\user\\Desktop\\namaste-react\\day13\\src\\mocks\\dummyLogo.js": {"path":"C:\\Users\\user\\Desktop\\namaste-react\\day13\\src\\mocks\\dummyLogo.js","statementMap":{},"fnMap":{},"branchMap":{},"s":{},"f":{},"b":{},"_coverageSchema":"1a1c01bbd47fc00a2c39e90264f33305004495a9","hash":"6e64a5584fdc013bd8b845d2d942e2e86e8f21fc"}
,"C:\\Users\\user\\Desktop\\namaste-react\\day13\\src\\mocks\\restData.js": {"path":"C:\\Users\\user\\Desktop\\namaste-react\\day13\\src\\mocks\\restData.js","statementMap":{"0":{"start":{"line":2,"column":0},"end":{"line":7147,"column":1}},"1":{"start":{"line":7152,"column":0},"end":{"line":10202,"column":1}}},"fnMap":{},"branchMap":{},"s":{"0":2,"1":2},"f":{},"b":{},"_coverageSchema":"1a1c01bbd47fc00a2c39e90264f33305004495a9","hash":"ab1754e4bbccdb0d24b327108461fa1c73570ed9"}
,"C:\\Users\\user\\Desktop\\namaste-react\\day13\\src\\utils\\UserContext.js": {"path":"C:\\Users\\user\\Desktop\\namaste-react\\day13\\src\\utils\\UserContext.js","statementMap":{"0":{"start":{"line":3,"column":21},"end":{"line":7,"column":3}}},"fnMap":{},"branchMap":{},"s":{"0":3},"f":{},"b":{},"_coverageSchema":"1a1c01bbd47fc00a2c39e90264f33305004495a9","hash":"4e6fbbdf855b84c91460a99bfe25f8cc8e2d6f12"}
,"C:\\Users\\user\\Desktop\\namaste-react\\day13\\src\\utils\\cartSlice.js": {"path":"C:\\Users\\user\\Desktop\\namaste-react\\day13\\src\\utils\\cartSlice.js","statementMap":{"0":{"start":{"line":2,"column":18},"end":{"line":54,"column":2}},"1":{"start":{"line":11,"column":9},"end":{"line":11,"column":35}},"2":{"start":{"line":13,"column":23},"end":{"line":13,"column":40}},"3":{"start":{"line":14,"column":28},"end":{"line":14,"column":33}},"4":{"start":{"line":15,"column":8},"end":{"line":24,"column":9}},"5":{"start":{"line":15,"column":19},"end":{"line":15,"column":20}},"6":{"start":{"line":16,"column":12},"end":{"line":23,"column":13}},"7":{"start":{"line":17,"column":16},"end":{"line":20,"column":17}},"8":{"start":{"line":19,"column":20},"end":{"line":19,"column":90}},"9":{"start":{"line":21,"column":16},"end":{"line":21,"column":35}},"10":{"start":{"line":22,"column":16},"end":{"line":22,"column":22}},"11":{"start":{"line":26,"column":8},"end":{"line":28,"column":9}},"12":{"start":{"line":27,"column":12},"end":{"line":27,"column":61}},"13":{"start":{"line":32,"column":27},"end":{"line":32,"column":44}},"14":{"start":{"line":33,"column":12},"end":{"line":33,"column":38}},"15":{"start":{"line":34,"column":12},"end":{"line":46,"column":13}},"16":{"start":{"line":34,"column":22},"end":{"line":34,"column":23}},"17":{"start":{"line":35,"column":16},"end":{"line":45,"column":17}},"18":{"start":{"line":36,"column":20},"end":{"line":43,"column":21}},"19":{"start":{"line":37,"column":24},"end":{"line":37,"column":43}},"20":{"start":{"line":41,"column":24},"end":{"line":41,"column":95}},"21":{"start":{"line":44,"column":20},"end":{"line":44,"column":26}},"22":{"start":{"line":50,"column":9},"end":{"line":50,"column":26}},"23":{"start":{"line":51,"column":9},"end":{"line":51,"column":23}},"24":{"start":{"line":55,"column":47},"end":{"line":55,"column":64}}},"fnMap":{"0":{"name":"(anonymous_0)","decl":{"start":{"line":9,"column":17},"end":{"line":9,"column":18}},"loc":{"start":{"line":9,"column":33},"end":{"line":29,"column":9}},"line":9},"1":{"name":"(anonymous_1)","decl":{"start":{"line":31,"column":19},"end":{"line":31,"column":20}},"loc":{"start":{"line":31,"column":35},"end":{"line":47,"column":9}},"line":31},"2":{"name":"(anonymous_2)","decl":{"start":{"line":49,"column":18},"end":{"line":49,"column":19}},"loc":{"start":{"line":49,"column":27},"end":{"line":52,"column":9}},"line":49}},"branchMap":{"0":{"loc":{"start":{"line":16,"column":12},"end":{"line":23,"column":13}},"type":"if","locations":[{"start":{"line":16,"column":12},"end":{"line":23,"column":13}},{"start":{},"end":{}}],"line":16},"1":{"loc":{"start":{"line":17,"column":16},"end":{"line":20,"column":17}},"type":"if","locations":[{"start":{"line":17,"column":16},"end":{"line":20,"column":17}},{"start":{},"end":{}}],"line":17},"2":{"loc":{"start":{"line":26,"column":8},"end":{"line":28,"column":9}},"type":"if","locations":[{"start":{"line":26,"column":8},"end":{"line":28,"column":9}},{"start":{},"end":{}}],"line":26},"3":{"loc":{"start":{"line":35,"column":16},"end":{"line":45,"column":17}},"type":"if","locations":[{"start":{"line":35,"column":16},"end":{"line":45,"column":17}},{"start":{},"end":{}}],"line":35},"4":{"loc":{"start":{"line":36,"column":20},"end":{"line":43,"column":21}},"type":"if","locations":[{"start":{"line":36,"column":20},"end":{"line":43,"column":21}},{"start":{"line":40,"column":24},"end":{"line":43,"column":21}}],"line":36}},"s":{"0":4,"1":3,"2":3,"3":3,"4":3,"5":3,"6":3,"7":0,"8":0,"9":0,"10":0,"11":3,"12":3,"13":0,"14":0,"15":0,"16":0,"17":0,"18":0,"19":0,"20":0,"21":0,"22":0,"23":0,"24":4},"f":{"0":3,"1":0,"2":0},"b":{"0":[0,3],"1":[0,0],"2":[3,0],"3":[0,0],"4":[0,0]},"_coverageSchema":"1a1c01bbd47fc00a2c39e90264f33305004495a9","hash":"19818be0007066feca17ef8e8d75e427e362c51c"}
,"C:\\Users\\user\\Desktop\\namaste-react\\day13\\src\\utils\\helper.js": {"path":"C:\\Users\\user\\Desktop\\namaste-react\\day13\\src\\utils\\helper.js","statementMap":{"0":{"start":{"line":2,"column":26},"end":{"line":7,"column":1}},"1":{"start":{"line":3,"column":4},"end":{"line":3,"column":47}},"2":{"start":{"line":4,"column":4},"end":{"line":6,"column":6}},"3":{"start":{"line":5,"column":10},"end":{"line":5,"column":74}}},"fnMap":{"0":{"name":"(anonymous_0)","decl":{"start":{"line":2,"column":26},"end":{"line":2,"column":27}},"loc":{"start":{"line":2,"column":57},"end":{"line":7,"column":1}},"line":2},"1":{"name":"(anonymous_1)","decl":{"start":{"line":5,"column":4},"end":{"line":5,"column":5}},"loc":{"start":{"line":5,"column":10},"end":{"line":5,"column":74}},"line":5}},"branchMap":{},"s":{"0":2,"1":1,"2":1,"3":15},"f":{"0":1,"1":15},"b":{},"_coverageSchema":"1a1c01bbd47fc00a2c39e90264f33305004495a9","hash":"b4a8847d31a7a352e4ba9eabd593cd1acd8fe32f"}
,"C:\\Users\\user\\Desktop\\namaste-react\\day13\\src\\utils\\store.js": {"path":"C:\\Users\\user\\Desktop\\namaste-react\\day13\\src\\utils\\store.js","statementMap":{"0":{"start":{"line":4,"column":14},"end":{"line":9,"column":2}}},"fnMap":{},"branchMap":{},"s":{"0":4},"f":{},"b":{},"_coverageSchema":"1a1c01bbd47fc00a2c39e90264f33305004495a9","hash":"5be6c87ff2061942358c34bf224107e3cf8da679"}
,"C:\\Users\\user\\Desktop\\namaste-react\\day13\\src\\utils\\useOnline.js": {"path":"C:\\Users\\user\\Desktop\\namaste-react\\day13\\src\\utils\\useOnline.js","statementMap":{"0":{"start":{"line":5,"column":18},"end":{"line":28,"column":1}},"1":{"start":{"line":6,"column":35},"end":{"line":6,"column":49}},"2":{"start":{"line":8,"column":4},"end":{"line":26,"column":10}},"3":{"start":{"line":9,"column":30},"end":{"line":12,"column":9}},"4":{"start":{"line":10,"column":12},"end":{"line":10,"column":30}},"5":{"start":{"line":11,"column":12},"end":{"line":11,"column":54}},"6":{"start":{"line":14,"column":31},"end":{"line":17,"column":9}},"7":{"start":{"line":15,"column":12},"end":{"line":15,"column":31}},"8":{"start":{"line":16,"column":12},"end":{"line":16,"column":55}},"9":{"start":{"line":18,"column":8},"end":{"line":18,"column":56}},"10":{"start":{"line":19,"column":8},"end":{"line":19,"column":58}},"11":{"start":{"line":21,"column":8},"end":{"line":24,"column":9}},"12":{"start":{"line":22,"column":12},"end":{"line":22,"column":63}},"13":{"start":{"line":23,"column":12},"end":{"line":23,"column":65}},"14":{"start":{"line":27,"column":4},"end":{"line":27,"column":20}}},"fnMap":{"0":{"name":"(anonymous_0)","decl":{"start":{"line":5,"column":18},"end":{"line":5,"column":19}},"loc":{"start":{"line":5,"column":23},"end":{"line":28,"column":1}},"line":5},"1":{"name":"(anonymous_1)","decl":{"start":{"line":8,"column":14},"end":{"line":8,"column":15}},"loc":{"start":{"line":8,"column":18},"end":{"line":26,"column":5}},"line":8},"2":{"name":"(anonymous_2)","decl":{"start":{"line":9,"column":30},"end":{"line":9,"column":31}},"loc":{"start":{"line":9,"column":35},"end":{"line":12,"column":9}},"line":9},"3":{"name":"(anonymous_3)","decl":{"start":{"line":14,"column":31},"end":{"line":14,"column":32}},"loc":{"start":{"line":14,"column":36},"end":{"line":17,"column":9}},"line":14},"4":{"name":"(anonymous_4)","decl":{"start":{"line":21,"column":14},"end":{"line":21,"column":15}},"loc":{"start":{"line":21,"column":18},"end":{"line":24,"column":9}},"line":21}},"branchMap":{},"s":{"0":3,"1":13,"2":13,"3":7,"4":0,"5":0,"6":7,"7":0,"8":0,"9":7,"10":7,"11":7,"12":7,"13":7,"14":13},"f":{"0":13,"1":7,"2":0,"3":0,"4":7},"b":{},"_coverageSchema":"1a1c01bbd47fc00a2c39e90264f33305004495a9","hash":"16cbce350d19c30a9464422269e9f6c9d9db429a"}
,"C:\\Users\\user\\Desktop\\namaste-react\\day13\\src\\utils\\useRestaurent.js": {"path":"C:\\Users\\user\\Desktop\\namaste-react\\day13\\src\\utils\\useRestaurent.js","statementMap":{"0":{"start":{"line":5,"column":22},"end":{"line":29,"column":1}},"1":{"start":{"line":6,"column":41},"end":{"line":6,"column":51}},"2":{"start":{"line":9,"column":4},"end":{"line":12,"column":10}},"3":{"start":{"line":10,"column":8},"end":{"line":10,"column":28}},"4":{"start":{"line":16,"column":25},"end":{"line":16,"column":51}},"5":{"start":{"line":17,"column":29},"end":{"line":17,"column":50}},"6":{"start":{"line":18,"column":8},"end":{"line":18,"column":38}},"7":{"start":{"line":19,"column":8},"end":{"line":19,"column":34}},"8":{"start":{"line":21,"column":8},"end":{"line":21,"column":46}},"9":{"start":{"line":27,"column":4},"end":{"line":27,"column":19}}},"fnMap":{"0":{"name":"(anonymous_0)","decl":{"start":{"line":5,"column":22},"end":{"line":5,"column":23}},"loc":{"start":{"line":5,"column":29},"end":{"line":29,"column":1}},"line":5},"1":{"name":"(anonymous_1)","decl":{"start":{"line":9,"column":14},"end":{"line":9,"column":15}},"loc":{"start":{"line":9,"column":18},"end":{"line":12,"column":5}},"line":9},"2":{"name":"getRestaurentMenu","decl":{"start":{"line":15,"column":19},"end":{"line":15,"column":36}},"loc":{"start":{"line":15,"column":38},"end":{"line":25,"column":5}},"line":15}},"branchMap":{},"s":{"0":1,"1":2,"2":2,"3":1,"4":1,"5":1,"6":1,"7":1,"8":1,"9":2},"f":{"0":2,"1":1,"2":1},"b":{},"_coverageSchema":"1a1c01bbd47fc00a2c39e90264f33305004495a9","hash":"2387ff1dae5efc7a081f5d5c61b4d8c776461826"}
}
