TN:
SF:config.js
FNF:0
FNH:0
DA:1,2
DA:1302,2
DA:1304,2
DA:1306,2
LF:4
LH:4
BRF:0
BRH:0
end_of_record
TN:
SF:src\components\AboutUs.js
FN:9,(anonymous_0)
FN:14,(anonymous_1)
FN:18,(anonymous_2)
FN:24,(anonymous_3)
FNF:4
FNH:0
FNDA:0,(anonymous_0)
FNDA:0,(anonymous_1)
FNDA:0,(anonymous_2)
FNDA:0,(anonymous_3)
DA:10,0
DA:11,0
DA:15,0
DA:19,0
DA:20,0
DA:24,0
LF:6
LH:0
BRF:0
BRH:0
end_of_record
TN:
SF:src\components\Body.js
FN:13,(anonymous_0)
FN:26,(anonymous_1)
FN:32,getRestaurants
FN:65,(anonymous_3)
FNF:4
FNH:4
FNDA:5,(anonymous_0)
FNDA:2,(anonymous_1)
FNDA:2,getRestaurants
FNDA:31,(anonymous_3)
DA:13,2
DA:18,5
DA:20,5
DA:22,5
DA:26,5
DA:27,2
DA:28,2
DA:33,2
DA:34,2
DA:35,2
DA:36,2
DA:39,5
DA:40,0
DA:47,5
DA:48,0
DA:56,5
DA:67,31
LF:17
LH:15
BRDA:39,0,0,0
BRDA:39,0,1,5
BRDA:47,1,0,0
BRDA:47,1,1,5
BRDA:47,2,0,5
BRDA:47,2,1,2
BRDA:56,3,0,2
BRDA:56,3,1,3
BRF:8
BRH:6
end_of_record
TN:
SF:src\components\Header.js
FN:12,(anonymous_0)
FN:20,(anonymous_1)
FN:22,logInHandler
FN:62,(anonymous_3)
FN:68,(anonymous_4)
FNF:5
FNH:2
FNDA:8,(anonymous_0)
FNDA:11,(anonymous_1)
FNDA:0,logInHandler
FNDA:0,(anonymous_3)
FNDA:0,(anonymous_4)
DA:12,2
DA:14,8
DA:15,8
DA:16,8
DA:18,8
DA:20,11
DA:24,0
DA:27,8
DA:62,0
DA:68,0
LF:10
LH:7
BRDA:39,0,0,8
BRDA:39,0,1,8
BRDA:40,1,0,8
BRDA:40,1,1,0
BRDA:44,2,0,8
BRDA:44,2,1,8
BRDA:45,3,0,8
BRDA:45,3,1,0
BRDA:55,4,0,8
BRDA:55,4,1,8
BRDA:56,5,0,8
BRDA:56,5,1,0
BRDA:58,6,0,8
BRDA:58,6,1,8
BRDA:60,7,0,8
BRDA:60,7,1,0
BRDA:68,8,0,8
BRDA:68,8,1,0
BRF:18
BRH:13
end_of_record
TN:
SF:src\components\NavLinks.js
FN:5,(anonymous_0)
FN:7,(anonymous_1)
FNF:2
FNH:2
FNDA:8,(anonymous_0)
FNDA:11,(anonymous_1)
DA:5,2
DA:7,11
DA:9,8
LF:3
LH:3
BRF:0
BRH:0
end_of_record
TN:
SF:src\components\Profile.js
FN:5,(anonymous_0)
FN:16,(anonymous_1)
FN:31,(anonymous_2)
FN:35,(anonymous_3)
FN:42,(anonymous_4)
FN:50,(anonymous_5)
FNF:6
FNH:0
FNDA:0,(anonymous_0)
FNDA:0,(anonymous_1)
FNDA:0,(anonymous_2)
FNDA:0,(anonymous_3)
FNDA:0,(anonymous_4)
FNDA:0,(anonymous_5)
DA:6,0
DA:7,0
DA:8,0
DA:17,0
DA:19,0
DA:20,0
DA:21,0
DA:22,0
DA:32,0
DA:36,0
DA:43,0
DA:44,0
DA:51,0
LF:13
LH:0
BRF:0
BRH:0
end_of_record
TN:
SF:src\components\ProfileSecond.js
FN:2,(anonymous_0)
FN:11,(anonymous_1)
FNF:2
FNH:0
FNDA:0,(anonymous_0)
FNDA:0,(anonymous_1)
DA:2,2
DA:4,0
DA:5,0
DA:11,0
LF:4
LH:1
BRF:0
BRH:0
end_of_record
TN:
SF:src\components\RestaurantCard.js
FN:3,(anonymous_0)
FNF:1
FNH:1
FNDA:31,(anonymous_0)
DA:3,2
DA:5,31
LF:2
LH:2
BRF:0
BRH:0
end_of_record
TN:
SF:src\components\RestaurentMenu.js
FN:10,(anonymous_0)
FN:16,(anonymous_1)
FN:48,(anonymous_2)
FN:53,(anonymous_3)
FN:65,(anonymous_4)
FNF:5
FNH:5
FNDA:2,(anonymous_0)
FNDA:3,(anonymous_1)
FNDA:16,(anonymous_2)
FNDA:85,(anonymous_3)
FNDA:3,(anonymous_4)
DA:10,1
DA:11,2
DA:12,2
DA:13,2
DA:14,2
DA:16,2
DA:17,3
DA:18,3
DA:22,2
DA:49,16
DA:54,85
DA:55,85
DA:65,3
LF:13
LH:13
BRDA:22,0,0,1
BRDA:22,0,1,1
BRDA:60,1,0,85
BRDA:60,1,1,6
BRDA:64,2,0,85
BRDA:64,2,1,55
BRF:6
BRH:6
end_of_record
TN:
SF:src\components\RestaurentMenuCard.js
FN:6,(anonymous_0)
FN:10,(anonymous_1)
FN:42,(anonymous_2)
FN:47,(anonymous_3)
FN:59,(anonymous_4)
FNF:5
FNH:0
FNDA:0,(anonymous_0)
FNDA:0,(anonymous_1)
FNDA:0,(anonymous_2)
FNDA:0,(anonymous_3)
FNDA:0,(anonymous_4)
DA:6,1
DA:8,0
DA:10,0
DA:11,0
DA:12,0
DA:19,0
DA:43,0
DA:48,0
DA:49,0
DA:59,0
LF:10
LH:1
BRDA:54,0,0,0
BRDA:54,0,1,0
BRDA:58,1,0,0
BRDA:58,1,1,0
BRF:4
BRH:0
end_of_record
TN:
SF:src\components\SearchBar.js
FN:3,(anonymous_0)
FN:12,(anonymous_1)
FN:16,(anonymous_2)
FNF:3
FNH:3
FNDA:4,(anonymous_0)
FNDA:1,(anonymous_1)
FNDA:1,(anonymous_2)
DA:3,2
DA:5,4
DA:7,4
DA:13,1
DA:17,1
DA:18,1
LF:6
LH:6
BRF:0
BRH:0
end_of_record
TN:
SF:src\components\ShimmerUI.js
FN:3,(anonymous_0)
FN:8,(anonymous_1)
FNF:2
FNH:2
FNDA:4,(anonymous_0)
FNDA:80,(anonymous_1)
DA:3,3
DA:5,4
DA:9,80
LF:3
LH:3
BRF:0
BRH:0
end_of_record
TN:
SF:src\components\ShimmerUICard.js
FN:1,(anonymous_0)
FNF:1
FNH:1
FNDA:80,(anonymous_0)
DA:1,3
DA:3,80
LF:2
LH:2
BRF:0
BRH:0
end_of_record
TN:
SF:src\components\Sum.js
FN:1,(anonymous_0)
FNF:1
FNH:1
FNDA:1,(anonymous_0)
DA:1,1
LF:1
LH:1
BRF:0
BRH:0
end_of_record
TN:
SF:src\components\Title.js
FN:3,(anonymous_0)
FNF:1
FNH:1
FNDA:16,(anonymous_0)
DA:3,2
DA:4,16
LF:2
LH:2
BRF:0
BRH:0
end_of_record
TN:
SF:src\mocks\dummyLogo.js
FNF:0
FNH:0
LF:0
LH:0
BRF:0
BRH:0
end_of_record
TN:
SF:src\mocks\restData.js
FNF:0
FNH:0
DA:2,2
DA:7152,2
LF:2
LH:2
BRF:0
BRH:0
end_of_record
TN:
SF:src\utils\UserContext.js
FNF:0
FNH:0
DA:3,3
LF:1
LH:1
BRF:0
BRH:0
end_of_record
TN:
SF:src\utils\cartSlice.js
FN:9,(anonymous_0)
FN:31,(anonymous_1)
FN:49,(anonymous_2)
FNF:3
FNH:1
FNDA:3,(anonymous_0)
FNDA:0,(anonymous_1)
FNDA:0,(anonymous_2)
DA:2,4
DA:11,3
DA:13,3
DA:14,3
DA:15,3
DA:16,3
DA:17,0
DA:19,0
DA:21,0
DA:22,0
DA:26,3
DA:27,3
DA:32,0
DA:33,0
DA:34,0
DA:35,0
DA:36,0
DA:37,0
DA:41,0
DA:44,0
DA:50,0
DA:51,0
DA:55,4
LF:23
LH:9
BRDA:16,0,0,0
BRDA:16,0,1,3
BRDA:17,1,0,0
BRDA:17,1,1,0
BRDA:26,2,0,3
BRDA:26,2,1,0
BRDA:35,3,0,0
BRDA:35,3,1,0
BRDA:36,4,0,0
BRDA:36,4,1,0
BRF:10
BRH:2
end_of_record
TN:
SF:src\utils\helper.js
FN:2,(anonymous_0)
FN:5,(anonymous_1)
FNF:2
FNH:2
FNDA:1,(anonymous_0)
FNDA:15,(anonymous_1)
DA:2,2
DA:3,1
DA:4,1
DA:5,15
LF:4
LH:4
BRF:0
BRH:0
end_of_record
TN:
SF:src\utils\store.js
FNF:0
FNH:0
DA:4,4
LF:1
LH:1
BRF:0
BRH:0
end_of_record
TN:
SF:src\utils\useOnline.js
FN:5,(anonymous_0)
FN:8,(anonymous_1)
FN:9,(anonymous_2)
FN:14,(anonymous_3)
FN:21,(anonymous_4)
FNF:5
FNH:3
FNDA:13,(anonymous_0)
FNDA:7,(anonymous_1)
FNDA:0,(anonymous_2)
FNDA:0,(anonymous_3)
FNDA:7,(anonymous_4)
DA:5,3
DA:6,13
DA:8,13
DA:9,7
DA:10,0
DA:11,0
DA:14,7
DA:15,0
DA:16,0
DA:18,7
DA:19,7
DA:21,7
DA:22,7
DA:23,7
DA:27,13
LF:15
LH:11
BRF:0
BRH:0
end_of_record
TN:
SF:src\utils\useRestaurent.js
FN:5,(anonymous_0)
FN:9,(anonymous_1)
FN:15,getRestaurentMenu
FNF:3
FNH:3
FNDA:2,(anonymous_0)
FNDA:1,(anonymous_1)
FNDA:1,getRestaurentMenu
DA:5,1
DA:6,2
DA:9,2
DA:10,1
DA:16,1
DA:17,1
DA:18,1
DA:19,1
DA:21,1
DA:27,2
LF:10
LH:10
BRF:0
BRH:0
end_of_record
